2024-06-05 13:41:39,805 [Worker-2: Loading available Gradle versions] INFO  o.e.b.c.i.u.g.PublishedGradleVersions - Gradle version information cache is up-to-date. Trying to read.
2024-06-05 13:43:07,541 [Worker-5: Building] INFO  o.e.m.c.i.l.LifecycleMappingFactory - Using org.eclipse.m2e.jdt.JarLifecycleMapping lifecycle mapping for MavenProject: online.vegastudio:spintowin:0.0.1-SNAPSHOT @ C:\Users\lefeb\OneDrive\Bureau\SAE2\git\Spin-To-Win\ALGO\spintowin\pom.xml.
2024-06-05 13:43:07,541 [Worker-7: Updating Maven Dependencies] INFO  o.e.m.c.i.l.LifecycleMappingFactory - Using org.eclipse.m2e.jdt.JarLifecycleMapping lifecycle mapping for MavenProject: online.vegastudio:spintowin:0.0.1-SNAPSHOT @ C:\Users\lefeb\OneDrive\Bureau\SAE2\git\Spin-To-Win\ALGO\spintowin\pom.xml.
2024-06-05 13:43:11,435 [Worker-5: Building] WARN  o.a.m.s.f.DefaultMavenResourcesFiltering - Using platform encoding (UTF-8 actually) to copy filtered resources, i.e. build is platform dependent!
2024-06-05 13:43:11,436 [Worker-5: Building] INFO  o.a.m.s.f.DefaultMavenResourcesFiltering - skip non existing resourceDirectory C:\Users\lefeb\OneDrive\Bureau\SAE2\git\Spin-To-Win\ALGO\spintowin\src\main\resources
2024-06-05 13:43:11,444 [Worker-5: Building] WARN  o.a.m.s.f.DefaultMavenResourcesFiltering - Using platform encoding (UTF-8 actually) to copy filtered resources, i.e. build is platform dependent!
2024-06-05 13:43:11,445 [Worker-5: Building] INFO  o.a.m.s.f.DefaultMavenResourcesFiltering - skip non existing resourceDirectory C:\Users\lefeb\OneDrive\Bureau\SAE2\git\Spin-To-Win\ALGO\spintowin\src\test\resources
2024-06-05 13:43:12,983 [Worker-4: Updating Maven Dependencies] INFO  o.e.m.c.i.l.LifecycleMappingFactory - Using org.eclipse.m2e.jdt.JarLifecycleMapping lifecycle mapping for MavenProject: online.vegastudio:spintowin:0.0.1-SNAPSHOT @ C:\Users\lefeb\OneDrive\Bureau\SAE2\git\Spin-To-Win\ALGO\spintowin\pom.xml.
2024-06-05 13:43:21,835 [Worker-2: Building] WARN  o.a.m.s.f.DefaultMavenResourcesFiltering - Using platform encoding (UTF-8 actually) to copy filtered resources, i.e. build is platform dependent!
2024-06-05 13:43:21,837 [Worker-2: Building] INFO  o.a.m.s.f.DefaultMavenResourcesFiltering - skip non existing resourceDirectory C:\Users\lefeb\OneDrive\Bureau\SAE2\git\Spin-To-Win\ALGO\spintowin\src\main\resources
2024-06-05 13:43:21,844 [Worker-2: Building] WARN  o.a.m.s.f.DefaultMavenResourcesFiltering - Using platform encoding (UTF-8 actually) to copy filtered resources, i.e. build is platform dependent!
2024-06-05 13:43:21,845 [Worker-2: Building] INFO  o.a.m.s.f.DefaultMavenResourcesFiltering - skip non existing resourceDirectory C:\Users\lefeb\OneDrive\Bureau\SAE2\git\Spin-To-Win\ALGO\spintowin\src\test\resources
2024-06-05 16:32:28,100 [Worker-35: Building] WARN  o.a.m.s.f.DefaultMavenResourcesFiltering - Using platform encoding (UTF-8 actually) to copy filtered resources, i.e. build is platform dependent!
2024-06-05 16:32:28,107 [Worker-35: Building] INFO  o.a.m.s.f.DefaultMavenResourcesFiltering - skip non existing resourceDirectory C:\Users\lefeb\OneDrive\Bureau\SAE2\git\Spin-To-Win\ALGO\spintowin\src\main\resources
2024-06-05 16:32:28,113 [Worker-35: Building] WARN  o.a.m.s.f.DefaultMavenResourcesFiltering - Using platform encoding (UTF-8 actually) to copy filtered resources, i.e. build is platform dependent!
2024-06-05 16:32:28,115 [Worker-35: Building] INFO  o.a.m.s.f.DefaultMavenResourcesFiltering - skip non existing resourceDirectory C:\Users\lefeb\OneDrive\Bureau\SAE2\git\Spin-To-Win\ALGO\spintowin\src\test\resources
2024-06-06 08:13:38,460 [Worker-6: Loading available Gradle versions] INFO  o.e.b.c.i.u.g.PublishedGradleVersions - Gradle version information cache is out-of-date. Trying to update.
2024-06-06 08:13:44,498 [Worker-5: Building] INFO  o.e.m.c.i.l.LifecycleMappingFactory - Using org.eclipse.m2e.jdt.JarLifecycleMapping lifecycle mapping for MavenProject: online.vegastudio:spintowin:0.0.1-SNAPSHOT @ C:\Users\lefeb\OneDrive\Bureau\SAE2\git\Spin-To-Win\ALGO\spintowin\pom.xml.
2024-06-06 08:13:45,377 [Worker-5: Building] WARN  o.a.m.s.f.DefaultMavenResourcesFiltering - Using platform encoding (UTF-8 actually) to copy filtered resources, i.e. build is platform dependent!
2024-06-06 08:13:45,379 [Worker-5: Building] INFO  o.a.m.s.f.DefaultMavenResourcesFiltering - skip non existing resourceDirectory C:\Users\lefeb\OneDrive\Bureau\SAE2\git\Spin-To-Win\ALGO\spintowin\src\main\resources
2024-06-06 08:13:45,388 [Worker-5: Building] WARN  o.a.m.s.f.DefaultMavenResourcesFiltering - Using platform encoding (UTF-8 actually) to copy filtered resources, i.e. build is platform dependent!
2024-06-06 08:13:45,389 [Worker-5: Building] INFO  o.a.m.s.f.DefaultMavenResourcesFiltering - skip non existing resourceDirectory C:\Users\lefeb\OneDrive\Bureau\SAE2\git\Spin-To-Win\ALGO\spintowin\src\test\resources
2024-06-06 09:36:33,688 [Worker-5: Loading available Gradle versions] INFO  o.e.b.c.i.u.g.PublishedGradleVersions - Gradle version information cache is up-to-date. Trying to read.
2024-06-06 10:36:06,214 [Worker-7: Loading available Gradle versions] INFO  o.e.b.c.i.u.g.PublishedGradleVersions - Gradle version information cache is up-to-date. Trying to read.
2024-06-07 08:15:13,114 [Worker-2: Loading available Gradle versions] INFO  o.e.b.c.i.u.g.PublishedGradleVersions - Gradle version information cache is out-of-date. Trying to update.
2024-06-07 10:52:43,329 [Worker-10: Launching Main] WARN  o.a.m.s.f.DefaultMavenResourcesFiltering - Using platform encoding (UTF-8 actually) to copy filtered resources, i.e. build is platform dependent!
2024-06-07 10:52:43,337 [Worker-10: Launching Main] INFO  o.a.m.s.f.DefaultMavenResourcesFiltering - skip non existing resourceDirectory C:\Users\lefeb\OneDrive\Bureau\SAE2\git\Spin-To-Win\ALGO\spintowin\src\main\resources
2024-06-07 10:52:43,342 [Worker-10: Launching Main] WARN  o.a.m.s.f.DefaultMavenResourcesFiltering - Using platform encoding (UTF-8 actually) to copy filtered resources, i.e. build is platform dependent!
2024-06-07 10:52:43,344 [Worker-10: Launching Main] INFO  o.a.m.s.f.DefaultMavenResourcesFiltering - skip non existing resourceDirectory C:\Users\lefeb\OneDrive\Bureau\SAE2\git\Spin-To-Win\ALGO\spintowin\src\test\resources
2024-06-07 21:35:31,550 [Worker-49: Building] WARN  o.a.m.s.f.DefaultMavenResourcesFiltering - Using platform encoding (UTF-8 actually) to copy filtered resources, i.e. build is platform dependent!
2024-06-07 21:35:31,554 [Worker-49: Building] INFO  o.a.m.s.f.DefaultMavenResourcesFiltering - skip non existing resourceDirectory C:\Users\lefeb\OneDrive\Bureau\SAE2\git\Spin-To-Win\ALGO\spintowin\src\main\resources
2024-06-07 21:35:31,558 [Worker-49: Building] WARN  o.a.m.s.f.DefaultMavenResourcesFiltering - Using platform encoding (UTF-8 actually) to copy filtered resources, i.e. build is platform dependent!
2024-06-07 21:35:31,559 [Worker-49: Building] INFO  o.a.m.s.f.DefaultMavenResourcesFiltering - skip non existing resourceDirectory C:\Users\lefeb\OneDrive\Bureau\SAE2\git\Spin-To-Win\ALGO\spintowin\src\test\resources
2024-06-07 21:36:54,764 [Worker-52: Building] WARN  o.a.m.s.f.DefaultMavenResourcesFiltering - Using platform encoding (UTF-8 actually) to copy filtered resources, i.e. build is platform dependent!
2024-06-07 21:36:54,767 [Worker-52: Building] INFO  o.a.m.s.f.DefaultMavenResourcesFiltering - skip non existing resourceDirectory C:\Users\lefeb\OneDrive\Bureau\SAE2\git\Spin-To-Win\ALGO\spintowin\src\main\resources
2024-06-07 21:36:54,773 [Worker-52: Building] WARN  o.a.m.s.f.DefaultMavenResourcesFiltering - Using platform encoding (UTF-8 actually) to copy filtered resources, i.e. build is platform dependent!
2024-06-07 21:36:54,777 [Worker-52: Building] INFO  o.a.m.s.f.DefaultMavenResourcesFiltering - skip non existing resourceDirectory C:\Users\lefeb\OneDrive\Bureau\SAE2\git\Spin-To-Win\ALGO\spintowin\src\test\resources
2024-06-07 21:37:32,735 [Worker-42: Building] WARN  o.a.m.s.f.DefaultMavenResourcesFiltering - Using platform encoding (UTF-8 actually) to copy filtered resources, i.e. build is platform dependent!
2024-06-07 21:37:32,736 [Worker-42: Building] INFO  o.a.m.s.f.DefaultMavenResourcesFiltering - skip non existing resourceDirectory C:\Users\lefeb\OneDrive\Bureau\SAE2\git\Spin-To-Win\ALGO\spintowin\src\main\resources
2024-06-07 21:37:32,741 [Worker-42: Building] WARN  o.a.m.s.f.DefaultMavenResourcesFiltering - Using platform encoding (UTF-8 actually) to copy filtered resources, i.e. build is platform dependent!
2024-06-07 21:37:32,743 [Worker-42: Building] INFO  o.a.m.s.f.DefaultMavenResourcesFiltering - skip non existing resourceDirectory C:\Users\lefeb\OneDrive\Bureau\SAE2\git\Spin-To-Win\ALGO\spintowin\src\test\resources
2024-06-07 21:38:01,853 [Worker-30: Building] WARN  o.a.m.s.f.DefaultMavenResourcesFiltering - Using platform encoding (UTF-8 actually) to copy filtered resources, i.e. build is platform dependent!
2024-06-07 21:38:01,855 [Worker-30: Building] INFO  o.a.m.s.f.DefaultMavenResourcesFiltering - skip non existing resourceDirectory C:\Users\lefeb\OneDrive\Bureau\SAE2\git\Spin-To-Win\ALGO\spintowin\src\main\resources
2024-06-07 21:38:01,859 [Worker-30: Building] WARN  o.a.m.s.f.DefaultMavenResourcesFiltering - Using platform encoding (UTF-8 actually) to copy filtered resources, i.e. build is platform dependent!
2024-06-07 21:38:01,861 [Worker-30: Building] INFO  o.a.m.s.f.DefaultMavenResourcesFiltering - skip non existing resourceDirectory C:\Users\lefeb\OneDrive\Bureau\SAE2\git\Spin-To-Win\ALGO\spintowin\src\test\resources
2024-06-07 21:40:00,965 [Worker-50: Building] WARN  o.a.m.s.f.DefaultMavenResourcesFiltering - Using platform encoding (UTF-8 actually) to copy filtered resources, i.e. build is platform dependent!
2024-06-07 21:40:00,967 [Worker-50: Building] INFO  o.a.m.s.f.DefaultMavenResourcesFiltering - skip non existing resourceDirectory C:\Users\lefeb\OneDrive\Bureau\SAE2\git\Spin-To-Win\ALGO\spintowin\src\main\resources
2024-06-07 21:40:00,971 [Worker-50: Building] WARN  o.a.m.s.f.DefaultMavenResourcesFiltering - Using platform encoding (UTF-8 actually) to copy filtered resources, i.e. build is platform dependent!
2024-06-07 21:40:00,973 [Worker-50: Building] INFO  o.a.m.s.f.DefaultMavenResourcesFiltering - skip non existing resourceDirectory C:\Users\lefeb\OneDrive\Bureau\SAE2\git\Spin-To-Win\ALGO\spintowin\src\test\resources
2024-06-07 21:40:15,093 [Worker-53: Building] WARN  o.a.m.s.f.DefaultMavenResourcesFiltering - Using platform encoding (UTF-8 actually) to copy filtered resources, i.e. build is platform dependent!
2024-06-07 21:40:15,094 [Worker-53: Building] INFO  o.a.m.s.f.DefaultMavenResourcesFiltering - skip non existing resourceDirectory C:\Users\lefeb\OneDrive\Bureau\SAE2\git\Spin-To-Win\ALGO\spintowin\src\main\resources
2024-06-07 21:40:15,097 [Worker-53: Building] WARN  o.a.m.s.f.DefaultMavenResourcesFiltering - Using platform encoding (UTF-8 actually) to copy filtered resources, i.e. build is platform dependent!
2024-06-07 21:40:15,098 [Worker-53: Building] INFO  o.a.m.s.f.DefaultMavenResourcesFiltering - skip non existing resourceDirectory C:\Users\lefeb\OneDrive\Bureau\SAE2\git\Spin-To-Win\ALGO\spintowin\src\test\resources
2024-06-07 21:40:37,040 [Worker-54: Building] WARN  o.a.m.s.f.DefaultMavenResourcesFiltering - Using platform encoding (UTF-8 actually) to copy filtered resources, i.e. build is platform dependent!
2024-06-07 21:40:37,041 [Worker-54: Building] INFO  o.a.m.s.f.DefaultMavenResourcesFiltering - skip non existing resourceDirectory C:\Users\lefeb\OneDrive\Bureau\SAE2\git\Spin-To-Win\ALGO\spintowin\src\main\resources
2024-06-07 21:40:37,045 [Worker-54: Building] WARN  o.a.m.s.f.DefaultMavenResourcesFiltering - Using platform encoding (UTF-8 actually) to copy filtered resources, i.e. build is platform dependent!
2024-06-07 21:40:37,046 [Worker-54: Building] INFO  o.a.m.s.f.DefaultMavenResourcesFiltering - skip non existing resourceDirectory C:\Users\lefeb\OneDrive\Bureau\SAE2\git\Spin-To-Win\ALGO\spintowin\src\test\resources
2024-06-07 21:40:46,065 [Worker-54: Building] WARN  o.a.m.s.f.DefaultMavenResourcesFiltering - Using platform encoding (UTF-8 actually) to copy filtered resources, i.e. build is platform dependent!
2024-06-07 21:40:46,066 [Worker-54: Building] INFO  o.a.m.s.f.DefaultMavenResourcesFiltering - skip non existing resourceDirectory C:\Users\lefeb\OneDrive\Bureau\SAE2\git\Spin-To-Win\ALGO\spintowin\src\main\resources
2024-06-07 21:40:46,071 [Worker-54: Building] WARN  o.a.m.s.f.DefaultMavenResourcesFiltering - Using platform encoding (UTF-8 actually) to copy filtered resources, i.e. build is platform dependent!
2024-06-07 21:40:46,073 [Worker-54: Building] INFO  o.a.m.s.f.DefaultMavenResourcesFiltering - skip non existing resourceDirectory C:\Users\lefeb\OneDrive\Bureau\SAE2\git\Spin-To-Win\ALGO\spintowin\src\test\resources
2024-06-07 21:41:07,606 [Worker-51: Building] WARN  o.a.m.s.f.DefaultMavenResourcesFiltering - Using platform encoding (UTF-8 actually) to copy filtered resources, i.e. build is platform dependent!
2024-06-07 21:41:07,607 [Worker-51: Building] INFO  o.a.m.s.f.DefaultMavenResourcesFiltering - skip non existing resourceDirectory C:\Users\lefeb\OneDrive\Bureau\SAE2\git\Spin-To-Win\ALGO\spintowin\src\main\resources
2024-06-07 21:41:07,611 [Worker-51: Building] WARN  o.a.m.s.f.DefaultMavenResourcesFiltering - Using platform encoding (UTF-8 actually) to copy filtered resources, i.e. build is platform dependent!
2024-06-07 21:41:07,612 [Worker-51: Building] INFO  o.a.m.s.f.DefaultMavenResourcesFiltering - skip non existing resourceDirectory C:\Users\lefeb\OneDrive\Bureau\SAE2\git\Spin-To-Win\ALGO\spintowin\src\test\resources
2024-06-07 21:42:16,927 [Worker-54: Building] WARN  o.a.m.s.f.DefaultMavenResourcesFiltering - Using platform encoding (UTF-8 actually) to copy filtered resources, i.e. build is platform dependent!
2024-06-07 21:42:16,928 [Worker-54: Building] INFO  o.a.m.s.f.DefaultMavenResourcesFiltering - skip non existing resourceDirectory C:\Users\lefeb\OneDrive\Bureau\SAE2\git\Spin-To-Win\ALGO\spintowin\src\main\resources
2024-06-07 21:42:16,933 [Worker-54: Building] WARN  o.a.m.s.f.DefaultMavenResourcesFiltering - Using platform encoding (UTF-8 actually) to copy filtered resources, i.e. build is platform dependent!
2024-06-07 21:42:16,934 [Worker-54: Building] INFO  o.a.m.s.f.DefaultMavenResourcesFiltering - skip non existing resourceDirectory C:\Users\lefeb\OneDrive\Bureau\SAE2\git\Spin-To-Win\ALGO\spintowin\src\test\resources
2024-06-07 21:44:11,528 [Worker-42: Building] WARN  o.a.m.s.f.DefaultMavenResourcesFiltering - Using platform encoding (UTF-8 actually) to copy filtered resources, i.e. build is platform dependent!
2024-06-07 21:44:11,530 [Worker-42: Building] INFO  o.a.m.s.f.DefaultMavenResourcesFiltering - skip non existing resourceDirectory C:\Users\lefeb\OneDrive\Bureau\SAE2\git\Spin-To-Win\ALGO\spintowin\src\main\resources
2024-06-07 21:44:11,532 [Worker-42: Building] WARN  o.a.m.s.f.DefaultMavenResourcesFiltering - Using platform encoding (UTF-8 actually) to copy filtered resources, i.e. build is platform dependent!
2024-06-07 21:44:11,533 [Worker-42: Building] INFO  o.a.m.s.f.DefaultMavenResourcesFiltering - skip non existing resourceDirectory C:\Users\lefeb\OneDrive\Bureau\SAE2\git\Spin-To-Win\ALGO\spintowin\src\test\resources
2024-06-07 21:44:23,551 [Worker-42: Building] WARN  o.a.m.s.f.DefaultMavenResourcesFiltering - Using platform encoding (UTF-8 actually) to copy filtered resources, i.e. build is platform dependent!
2024-06-07 21:44:23,553 [Worker-42: Building] INFO  o.a.m.s.f.DefaultMavenResourcesFiltering - skip non existing resourceDirectory C:\Users\lefeb\OneDrive\Bureau\SAE2\git\Spin-To-Win\ALGO\spintowin\src\main\resources
2024-06-07 21:44:23,556 [Worker-42: Building] WARN  o.a.m.s.f.DefaultMavenResourcesFiltering - Using platform encoding (UTF-8 actually) to copy filtered resources, i.e. build is platform dependent!
2024-06-07 21:44:23,557 [Worker-42: Building] INFO  o.a.m.s.f.DefaultMavenResourcesFiltering - skip non existing resourceDirectory C:\Users\lefeb\OneDrive\Bureau\SAE2\git\Spin-To-Win\ALGO\spintowin\src\test\resources
2024-06-07 21:44:43,981 [Worker-56: Building] WARN  o.a.m.s.f.DefaultMavenResourcesFiltering - Using platform encoding (UTF-8 actually) to copy filtered resources, i.e. build is platform dependent!
2024-06-07 21:44:43,982 [Worker-56: Building] INFO  o.a.m.s.f.DefaultMavenResourcesFiltering - skip non existing resourceDirectory C:\Users\lefeb\OneDrive\Bureau\SAE2\git\Spin-To-Win\ALGO\spintowin\src\main\resources
2024-06-07 21:44:43,986 [Worker-56: Building] WARN  o.a.m.s.f.DefaultMavenResourcesFiltering - Using platform encoding (UTF-8 actually) to copy filtered resources, i.e. build is platform dependent!
2024-06-07 21:44:43,988 [Worker-56: Building] INFO  o.a.m.s.f.DefaultMavenResourcesFiltering - skip non existing resourceDirectory C:\Users\lefeb\OneDrive\Bureau\SAE2\git\Spin-To-Win\ALGO\spintowin\src\test\resources
2024-06-07 21:45:11,841 [Worker-42: Building] WARN  o.a.m.s.f.DefaultMavenResourcesFiltering - Using platform encoding (UTF-8 actually) to copy filtered resources, i.e. build is platform dependent!
2024-06-07 21:45:11,843 [Worker-42: Building] INFO  o.a.m.s.f.DefaultMavenResourcesFiltering - skip non existing resourceDirectory C:\Users\lefeb\OneDrive\Bureau\SAE2\git\Spin-To-Win\ALGO\spintowin\src\main\resources
2024-06-07 21:45:11,846 [Worker-42: Building] WARN  o.a.m.s.f.DefaultMavenResourcesFiltering - Using platform encoding (UTF-8 actually) to copy filtered resources, i.e. build is platform dependent!
2024-06-07 21:45:11,847 [Worker-42: Building] INFO  o.a.m.s.f.DefaultMavenResourcesFiltering - skip non existing resourceDirectory C:\Users\lefeb\OneDrive\Bureau\SAE2\git\Spin-To-Win\ALGO\spintowin\src\test\resources
2024-06-07 21:56:11,598 [Worker-51: Building] WARN  o.a.m.s.f.DefaultMavenResourcesFiltering - Using platform encoding (UTF-8 actually) to copy filtered resources, i.e. build is platform dependent!
2024-06-07 21:56:11,600 [Worker-51: Building] INFO  o.a.m.s.f.DefaultMavenResourcesFiltering - skip non existing resourceDirectory C:\Users\lefeb\OneDrive\Bureau\SAE2\git\Spin-To-Win\ALGO\spintowin\src\main\resources
2024-06-07 21:56:11,603 [Worker-51: Building] WARN  o.a.m.s.f.DefaultMavenResourcesFiltering - Using platform encoding (UTF-8 actually) to copy filtered resources, i.e. build is platform dependent!
2024-06-07 21:56:11,605 [Worker-51: Building] INFO  o.a.m.s.f.DefaultMavenResourcesFiltering - skip non existing resourceDirectory C:\Users\lefeb\OneDrive\Bureau\SAE2\git\Spin-To-Win\ALGO\spintowin\src\test\resources
2024-06-07 22:01:03,768 [Worker-6: Loading available Gradle versions] INFO  o.e.b.c.i.u.g.PublishedGradleVersions - Gradle version information cache is up-to-date. Trying to read.
2024-06-07 22:03:18,157 [Worker-25: Building] WARN  o.a.m.s.f.DefaultMavenResourcesFiltering - Using platform encoding (UTF-8 actually) to copy filtered resources, i.e. build is platform dependent!
2024-06-07 22:03:18,160 [Worker-25: Building] INFO  o.a.m.s.f.DefaultMavenResourcesFiltering - skip non existing resourceDirectory C:\Users\lefeb\OneDrive\Bureau\SAE2\git\Spin-To-Win\ALGO\spintowin\src\main\resources
2024-06-07 22:03:18,167 [Worker-25: Building] WARN  o.a.m.s.f.DefaultMavenResourcesFiltering - Using platform encoding (UTF-8 actually) to copy filtered resources, i.e. build is platform dependent!
2024-06-07 22:03:18,169 [Worker-25: Building] INFO  o.a.m.s.f.DefaultMavenResourcesFiltering - skip non existing resourceDirectory C:\Users\lefeb\OneDrive\Bureau\SAE2\git\Spin-To-Win\ALGO\spintowin\src\test\resources
2024-06-07 22:03:43,499 [Worker-2: Building] WARN  o.a.m.s.f.DefaultMavenResourcesFiltering - Using platform encoding (UTF-8 actually) to copy filtered resources, i.e. build is platform dependent!
2024-06-07 22:03:43,501 [Worker-2: Building] INFO  o.a.m.s.f.DefaultMavenResourcesFiltering - skip non existing resourceDirectory C:\Users\lefeb\OneDrive\Bureau\SAE2\git\Spin-To-Win\ALGO\spintowin\src\main\resources
2024-06-07 22:03:43,507 [Worker-2: Building] WARN  o.a.m.s.f.DefaultMavenResourcesFiltering - Using platform encoding (UTF-8 actually) to copy filtered resources, i.e. build is platform dependent!
2024-06-07 22:03:43,509 [Worker-2: Building] INFO  o.a.m.s.f.DefaultMavenResourcesFiltering - skip non existing resourceDirectory C:\Users\lefeb\OneDrive\Bureau\SAE2\git\Spin-To-Win\ALGO\spintowin\src\test\resources
2024-06-07 22:04:19,208 [Worker-26: Building] WARN  o.a.m.s.f.DefaultMavenResourcesFiltering - Using platform encoding (UTF-8 actually) to copy filtered resources, i.e. build is platform dependent!
2024-06-07 22:04:19,210 [Worker-26: Building] INFO  o.a.m.s.f.DefaultMavenResourcesFiltering - skip non existing resourceDirectory C:\Users\lefeb\OneDrive\Bureau\SAE2\git\Spin-To-Win\ALGO\spintowin\src\main\resources
2024-06-07 22:04:19,216 [Worker-26: Building] WARN  o.a.m.s.f.DefaultMavenResourcesFiltering - Using platform encoding (UTF-8 actually) to copy filtered resources, i.e. build is platform dependent!
2024-06-07 22:04:19,218 [Worker-26: Building] INFO  o.a.m.s.f.DefaultMavenResourcesFiltering - skip non existing resourceDirectory C:\Users\lefeb\OneDrive\Bureau\SAE2\git\Spin-To-Win\ALGO\spintowin\src\test\resources
2024-06-07 22:04:28,748 [Worker-27: Building] WARN  o.a.m.s.f.DefaultMavenResourcesFiltering - Using platform encoding (UTF-8 actually) to copy filtered resources, i.e. build is platform dependent!
2024-06-07 22:04:28,749 [Worker-27: Building] INFO  o.a.m.s.f.DefaultMavenResourcesFiltering - skip non existing resourceDirectory C:\Users\lefeb\OneDrive\Bureau\SAE2\git\Spin-To-Win\ALGO\spintowin\src\main\resources
2024-06-07 22:04:28,754 [Worker-27: Building] WARN  o.a.m.s.f.DefaultMavenResourcesFiltering - Using platform encoding (UTF-8 actually) to copy filtered resources, i.e. build is platform dependent!
2024-06-07 22:04:28,755 [Worker-27: Building] INFO  o.a.m.s.f.DefaultMavenResourcesFiltering - skip non existing resourceDirectory C:\Users\lefeb\OneDrive\Bureau\SAE2\git\Spin-To-Win\ALGO\spintowin\src\test\resources
2024-06-08 15:40:06,751 [Worker-44: Building] INFO  o.e.m.c.i.l.LifecycleMappingFactory - Using org.eclipse.m2e.jdt.JarLifecycleMapping lifecycle mapping for MavenProject: online.vegastudio:spintowin:0.0.1-SNAPSHOT @ C:\Users\lefeb\OneDrive\Bureau\SAE2\git\Spin-To-Win\ALGO\spintowin\pom.xml.
2024-06-08 15:40:08,318 [Worker-44: Building] WARN  o.a.m.s.f.DefaultMavenResourcesFiltering - Using platform encoding (UTF-8 actually) to copy filtered resources, i.e. build is platform dependent!
2024-06-08 15:40:08,319 [Worker-44: Building] INFO  o.a.m.s.f.DefaultMavenResourcesFiltering - skip non existing resourceDirectory C:\Users\lefeb\OneDrive\Bureau\SAE2\git\Spin-To-Win\ALGO\spintowin\src\main\resources
2024-06-08 15:40:08,325 [Worker-44: Building] WARN  o.a.m.s.f.DefaultMavenResourcesFiltering - Using platform encoding (UTF-8 actually) to copy filtered resources, i.e. build is platform dependent!
2024-06-08 15:40:08,326 [Worker-44: Building] INFO  o.a.m.s.f.DefaultMavenResourcesFiltering - skip non existing resourceDirectory C:\Users\lefeb\OneDrive\Bureau\SAE2\git\Spin-To-Win\ALGO\spintowin\src\test\resources
2024-06-08 15:40:10,820 [Worker-34: Building] WARN  o.a.m.s.f.DefaultMavenResourcesFiltering - Using platform encoding (UTF-8 actually) to copy filtered resources, i.e. build is platform dependent!
2024-06-08 15:40:10,822 [Worker-34: Building] INFO  o.a.m.s.f.DefaultMavenResourcesFiltering - skip non existing resourceDirectory C:\Users\lefeb\OneDrive\Bureau\SAE2\git\Spin-To-Win\ALGO\spintowin\src\main\resources
2024-06-08 15:40:10,835 [Worker-34: Building] WARN  o.a.m.s.f.DefaultMavenResourcesFiltering - Using platform encoding (UTF-8 actually) to copy filtered resources, i.e. build is platform dependent!
2024-06-08 15:40:10,837 [Worker-34: Building] INFO  o.a.m.s.f.DefaultMavenResourcesFiltering - skip non existing resourceDirectory C:\Users\lefeb\OneDrive\Bureau\SAE2\git\Spin-To-Win\ALGO\spintowin\src\test\resources
2024-06-08 18:00:29,049 [Worker-4: Loading available Gradle versions] INFO  o.e.b.c.i.u.g.PublishedGradleVersions - Gradle version information cache is out-of-date. Trying to update.
2024-06-08 18:07:47,574 [Worker-30: Building] WARN  o.a.m.s.f.DefaultMavenResourcesFiltering - Using platform encoding (UTF-8 actually) to copy filtered resources, i.e. build is platform dependent!
2024-06-08 18:07:47,579 [Worker-30: Building] INFO  o.a.m.s.f.DefaultMavenResourcesFiltering - skip non existing resourceDirectory C:\Users\lefeb\OneDrive\Bureau\SAE2\git\Spin-To-Win\ALGO\spintowin\src\main\resources
2024-06-08 18:07:47,585 [Worker-30: Building] WARN  o.a.m.s.f.DefaultMavenResourcesFiltering - Using platform encoding (UTF-8 actually) to copy filtered resources, i.e. build is platform dependent!
2024-06-08 18:07:47,587 [Worker-30: Building] INFO  o.a.m.s.f.DefaultMavenResourcesFiltering - skip non existing resourceDirectory C:\Users\lefeb\OneDrive\Bureau\SAE2\git\Spin-To-Win\ALGO\spintowin\src\test\resources
2024-06-08 18:08:12,376 [Worker-9: Building] WARN  o.a.m.s.f.DefaultMavenResourcesFiltering - Using platform encoding (UTF-8 actually) to copy filtered resources, i.e. build is platform dependent!
2024-06-08 18:08:12,378 [Worker-9: Building] INFO  o.a.m.s.f.DefaultMavenResourcesFiltering - skip non existing resourceDirectory C:\Users\lefeb\OneDrive\Bureau\SAE2\git\Spin-To-Win\ALGO\spintowin\src\main\resources
2024-06-08 18:08:12,384 [Worker-9: Building] WARN  o.a.m.s.f.DefaultMavenResourcesFiltering - Using platform encoding (UTF-8 actually) to copy filtered resources, i.e. build is platform dependent!
2024-06-08 18:08:12,387 [Worker-9: Building] INFO  o.a.m.s.f.DefaultMavenResourcesFiltering - skip non existing resourceDirectory C:\Users\lefeb\OneDrive\Bureau\SAE2\git\Spin-To-Win\ALGO\spintowin\src\test\resources
2024-06-08 18:08:16,775 [Worker-18: Building] WARN  o.a.m.s.f.DefaultMavenResourcesFiltering - Using platform encoding (UTF-8 actually) to copy filtered resources, i.e. build is platform dependent!
2024-06-08 18:08:16,777 [Worker-18: Building] INFO  o.a.m.s.f.DefaultMavenResourcesFiltering - skip non existing resourceDirectory C:\Users\lefeb\OneDrive\Bureau\SAE2\git\Spin-To-Win\ALGO\spintowin\src\main\resources
2024-06-08 18:08:16,783 [Worker-18: Building] WARN  o.a.m.s.f.DefaultMavenResourcesFiltering - Using platform encoding (UTF-8 actually) to copy filtered resources, i.e. build is platform dependent!
2024-06-08 18:08:16,785 [Worker-18: Building] INFO  o.a.m.s.f.DefaultMavenResourcesFiltering - skip non existing resourceDirectory C:\Users\lefeb\OneDrive\Bureau\SAE2\git\Spin-To-Win\ALGO\spintowin\src\test\resources
2024-06-17 08:21:19,737 [Worker-5: Loading available Gradle versions] INFO  o.e.b.c.i.u.g.PublishedGradleVersions - Gradle version information cache is out-of-date. Trying to update.
2024-06-17 08:30:27,925 [Worker-12: Building] WARN  o.a.m.s.f.DefaultMavenResourcesFiltering - Using platform encoding (UTF-8 actually) to copy filtered resources, i.e. build is platform dependent!
2024-06-17 08:30:27,930 [Worker-12: Building] INFO  o.a.m.s.f.DefaultMavenResourcesFiltering - skip non existing resourceDirectory C:\Users\lefeb\OneDrive\Bureau\SAE2\git\Spin-To-Win\ALGO\spintowin\src\main\resources
2024-06-17 08:30:27,936 [Worker-12: Building] WARN  o.a.m.s.f.DefaultMavenResourcesFiltering - Using platform encoding (UTF-8 actually) to copy filtered resources, i.e. build is platform dependent!
2024-06-17 08:30:27,938 [Worker-12: Building] INFO  o.a.m.s.f.DefaultMavenResourcesFiltering - skip non existing resourceDirectory C:\Users\lefeb\OneDrive\Bureau\SAE2\git\Spin-To-Win\ALGO\spintowin\src\test\resources
2024-06-17 14:56:56,067 [Worker-4: Loading available Gradle versions] INFO  o.e.b.c.i.u.g.PublishedGradleVersions - Gradle version information cache is up-to-date. Trying to read.
2024-06-17 14:58:35,495 [Worker-7: Loading available Gradle versions] INFO  o.e.b.c.i.u.g.PublishedGradleVersions - Gradle version information cache is up-to-date. Trying to read.
2024-06-17 14:59:20,706 [Worker-12: Launching Main] WARN  o.a.m.s.f.DefaultMavenResourcesFiltering - Using platform encoding (UTF-8 actually) to copy filtered resources, i.e. build is platform dependent!
2024-06-17 14:59:20,709 [Worker-12: Launching Main] INFO  o.a.m.s.f.DefaultMavenResourcesFiltering - skip non existing resourceDirectory C:\Users\lefeb\OneDrive\Bureau\SAE2\git\Spin-To-Win\ALGO\spintowin\src\main\resources
2024-06-17 14:59:20,719 [Worker-12: Launching Main] WARN  o.a.m.s.f.DefaultMavenResourcesFiltering - Using platform encoding (UTF-8 actually) to copy filtered resources, i.e. build is platform dependent!
2024-06-17 14:59:20,721 [Worker-12: Launching Main] INFO  o.a.m.s.f.DefaultMavenResourcesFiltering - skip non existing resourceDirectory C:\Users\lefeb\OneDrive\Bureau\SAE2\git\Spin-To-Win\ALGO\spintowin\src\test\resources
2024-06-18 08:48:23,439 [Worker-1: Loading available Gradle versions] INFO  o.e.b.c.i.u.g.PublishedGradleVersions - Gradle version information cache is out-of-date. Trying to update.
2024-06-18 09:18:17,260 [Worker-4: Loading available Gradle versions] INFO  o.e.b.c.i.u.g.PublishedGradleVersions - Gradle version information cache is up-to-date. Trying to read.
2024-06-18 09:39:23,586 [Worker-32: Building] WARN  o.a.m.s.f.DefaultMavenResourcesFiltering - Using platform encoding (UTF-8 actually) to copy filtered resources, i.e. build is platform dependent!
2024-06-18 09:39:23,591 [Worker-32: Building] INFO  o.a.m.s.f.DefaultMavenResourcesFiltering - skip non existing resourceDirectory C:\Users\lefeb\OneDrive\Bureau\SAE2\git\Spin-To-Win\ALGO\spintowin\src\main\resources
2024-06-18 09:39:23,598 [Worker-32: Building] WARN  o.a.m.s.f.DefaultMavenResourcesFiltering - Using platform encoding (UTF-8 actually) to copy filtered resources, i.e. build is platform dependent!
2024-06-18 09:39:23,600 [Worker-32: Building] INFO  o.a.m.s.f.DefaultMavenResourcesFiltering - skip non existing resourceDirectory C:\Users\lefeb\OneDrive\Bureau\SAE2\git\Spin-To-Win\ALGO\spintowin\src\test\resources
2024-06-18 09:40:52,442 [Worker-29: Building] WARN  o.a.m.s.f.DefaultMavenResourcesFiltering - Using platform encoding (UTF-8 actually) to copy filtered resources, i.e. build is platform dependent!
2024-06-18 09:40:52,443 [Worker-29: Building] INFO  o.a.m.s.f.DefaultMavenResourcesFiltering - skip non existing resourceDirectory C:\Users\lefeb\OneDrive\Bureau\SAE2\git\Spin-To-Win\ALGO\spintowin\src\main\resources
2024-06-18 09:40:52,447 [Worker-29: Building] WARN  o.a.m.s.f.DefaultMavenResourcesFiltering - Using platform encoding (UTF-8 actually) to copy filtered resources, i.e. build is platform dependent!
2024-06-18 09:40:52,448 [Worker-29: Building] INFO  o.a.m.s.f.DefaultMavenResourcesFiltering - skip non existing resourceDirectory C:\Users\lefeb\OneDrive\Bureau\SAE2\git\Spin-To-Win\ALGO\spintowin\src\test\resources
2024-06-19 13:38:57,668 [Worker-4: Loading available Gradle versions] INFO  o.e.b.c.i.u.g.PublishedGradleVersions - Gradle version information cache is out-of-date. Trying to update.
2024-06-19 15:08:01,357 [Worker-32: Building] INFO  o.e.m.c.i.l.LifecycleMappingFactory - Using org.eclipse.m2e.jdt.JarLifecycleMapping lifecycle mapping for MavenProject: online.vegastudio:spintowin:0.0.1-SNAPSHOT @ C:\Users\lefeb\OneDrive\Bureau\SAE2\git\Spin-To-Win\ALGO\spintowin\pom.xml.
2024-06-19 15:08:02,195 [Worker-32: Building] WARN  o.a.m.s.f.DefaultMavenResourcesFiltering - Using platform encoding (UTF-8 actually) to copy filtered resources, i.e. build is platform dependent!
2024-06-19 15:08:02,198 [Worker-32: Building] INFO  o.a.m.s.f.DefaultMavenResourcesFiltering - skip non existing resourceDirectory C:\Users\lefeb\OneDrive\Bureau\SAE2\git\Spin-To-Win\ALGO\spintowin\src\main\resources
2024-06-19 15:08:02,204 [Worker-32: Building] WARN  o.a.m.s.f.DefaultMavenResourcesFiltering - Using platform encoding (UTF-8 actually) to copy filtered resources, i.e. build is platform dependent!
2024-06-19 15:08:02,206 [Worker-32: Building] INFO  o.a.m.s.f.DefaultMavenResourcesFiltering - skip non existing resourceDirectory C:\Users\lefeb\OneDrive\Bureau\SAE2\git\Spin-To-Win\ALGO\spintowin\src\test\resources
2024-06-19 15:13:33,185 [Worker-32: Building] WARN  o.a.m.s.f.DefaultMavenResourcesFiltering - Using platform encoding (UTF-8 actually) to copy filtered resources, i.e. build is platform dependent!
2024-06-19 15:13:33,186 [Worker-32: Building] INFO  o.a.m.s.f.DefaultMavenResourcesFiltering - skip non existing resourceDirectory C:\Users\lefeb\OneDrive\Bureau\SAE2\git\Spin-To-Win\ALGO\spintowin\src\main\resources
2024-06-19 15:13:33,192 [Worker-32: Building] WARN  o.a.m.s.f.DefaultMavenResourcesFiltering - Using platform encoding (UTF-8 actually) to copy filtered resources, i.e. build is platform dependent!
2024-06-19 15:13:33,193 [Worker-32: Building] INFO  o.a.m.s.f.DefaultMavenResourcesFiltering - skip non existing resourceDirectory C:\Users\lefeb\OneDrive\Bureau\SAE2\git\Spin-To-Win\ALGO\spintowin\src\test\resources
2024-06-20 00:34:05,587 [Worker-5: Loading available Gradle versions] INFO  o.e.b.c.i.u.g.PublishedGradleVersions - Gradle version information cache is up-to-date. Trying to read.
2024-06-20 10:35:11,635 [Worker-37: Building] WARN  o.a.m.s.f.DefaultMavenResourcesFiltering - Using platform encoding (UTF-8 actually) to copy filtered resources, i.e. build is platform dependent!
2024-06-20 10:35:11,643 [Worker-37: Building] INFO  o.a.m.s.f.DefaultMavenResourcesFiltering - skip non existing resourceDirectory C:\Users\lefeb\OneDrive\Bureau\SAE2\git\Spin-To-Win\ALGO\spintowin\src\main\resources
2024-06-20 10:35:11,649 [Worker-37: Building] WARN  o.a.m.s.f.DefaultMavenResourcesFiltering - Using platform encoding (UTF-8 actually) to copy filtered resources, i.e. build is platform dependent!
2024-06-20 10:35:11,651 [Worker-37: Building] INFO  o.a.m.s.f.DefaultMavenResourcesFiltering - skip non existing resourceDirectory C:\Users\lefeb\OneDrive\Bureau\SAE2\git\Spin-To-Win\ALGO\spintowin\src\test\resources
2024-06-20 10:37:56,014 [Worker-35: Building] WARN  o.a.m.s.f.DefaultMavenResourcesFiltering - Using platform encoding (UTF-8 actually) to copy filtered resources, i.e. build is platform dependent!
2024-06-20 10:37:56,015 [Worker-35: Building] INFO  o.a.m.s.f.DefaultMavenResourcesFiltering - skip non existing resourceDirectory C:\Users\lefeb\OneDrive\Bureau\SAE2\git\Spin-To-Win\ALGO\spintowin\src\main\resources
2024-06-20 10:37:56,021 [Worker-35: Building] WARN  o.a.m.s.f.DefaultMavenResourcesFiltering - Using platform encoding (UTF-8 actually) to copy filtered resources, i.e. build is platform dependent!
2024-06-20 10:37:56,023 [Worker-35: Building] INFO  o.a.m.s.f.DefaultMavenResourcesFiltering - skip non existing resourceDirectory C:\Users\lefeb\OneDrive\Bureau\SAE2\git\Spin-To-Win\ALGO\spintowin\src\test\resources
2024-06-20 10:38:27,042 [Worker-31: Building] WARN  o.a.m.s.f.DefaultMavenResourcesFiltering - Using platform encoding (UTF-8 actually) to copy filtered resources, i.e. build is platform dependent!
2024-06-20 10:38:27,043 [Worker-31: Building] INFO  o.a.m.s.f.DefaultMavenResourcesFiltering - skip non existing resourceDirectory C:\Users\lefeb\OneDrive\Bureau\SAE2\git\Spin-To-Win\ALGO\spintowin\src\main\resources
2024-06-20 10:38:27,046 [Worker-31: Building] WARN  o.a.m.s.f.DefaultMavenResourcesFiltering - Using platform encoding (UTF-8 actually) to copy filtered resources, i.e. build is platform dependent!
2024-06-20 10:38:27,048 [Worker-31: Building] INFO  o.a.m.s.f.DefaultMavenResourcesFiltering - skip non existing resourceDirectory C:\Users\lefeb\OneDrive\Bureau\SAE2\git\Spin-To-Win\ALGO\spintowin\src\test\resources
2024-06-20 10:38:34,950 [Worker-31: Building] WARN  o.a.m.s.f.DefaultMavenResourcesFiltering - Using platform encoding (UTF-8 actually) to copy filtered resources, i.e. build is platform dependent!
2024-06-20 10:38:34,952 [Worker-31: Building] INFO  o.a.m.s.f.DefaultMavenResourcesFiltering - skip non existing resourceDirectory C:\Users\lefeb\OneDrive\Bureau\SAE2\git\Spin-To-Win\ALGO\spintowin\src\main\resources
2024-06-20 10:38:34,956 [Worker-31: Building] WARN  o.a.m.s.f.DefaultMavenResourcesFiltering - Using platform encoding (UTF-8 actually) to copy filtered resources, i.e. build is platform dependent!
2024-06-20 10:38:34,957 [Worker-31: Building] INFO  o.a.m.s.f.DefaultMavenResourcesFiltering - skip non existing resourceDirectory C:\Users\lefeb\OneDrive\Bureau\SAE2\git\Spin-To-Win\ALGO\spintowin\src\test\resources
2024-06-20 10:42:09,468 [Worker-38: Building] WARN  o.a.m.s.f.DefaultMavenResourcesFiltering - Using platform encoding (UTF-8 actually) to copy filtered resources, i.e. build is platform dependent!
2024-06-20 10:42:09,470 [Worker-38: Building] INFO  o.a.m.s.f.DefaultMavenResourcesFiltering - skip non existing resourceDirectory C:\Users\lefeb\OneDrive\Bureau\SAE2\git\Spin-To-Win\ALGO\spintowin\src\main\resources
2024-06-20 10:42:09,473 [Worker-38: Building] WARN  o.a.m.s.f.DefaultMavenResourcesFiltering - Using platform encoding (UTF-8 actually) to copy filtered resources, i.e. build is platform dependent!
2024-06-20 10:42:09,475 [Worker-38: Building] INFO  o.a.m.s.f.DefaultMavenResourcesFiltering - skip non existing resourceDirectory C:\Users\lefeb\OneDrive\Bureau\SAE2\git\Spin-To-Win\ALGO\spintowin\src\test\resources
2024-06-20 10:42:12,256 [Worker-38: Building] WARN  o.a.m.s.f.DefaultMavenResourcesFiltering - Using platform encoding (UTF-8 actually) to copy filtered resources, i.e. build is platform dependent!
2024-06-20 10:42:12,258 [Worker-38: Building] INFO  o.a.m.s.f.DefaultMavenResourcesFiltering - skip non existing resourceDirectory C:\Users\lefeb\OneDrive\Bureau\SAE2\git\Spin-To-Win\ALGO\spintowin\src\main\resources
2024-06-20 10:42:12,263 [Worker-38: Building] WARN  o.a.m.s.f.DefaultMavenResourcesFiltering - Using platform encoding (UTF-8 actually) to copy filtered resources, i.e. build is platform dependent!
2024-06-20 10:42:12,265 [Worker-38: Building] INFO  o.a.m.s.f.DefaultMavenResourcesFiltering - skip non existing resourceDirectory C:\Users\lefeb\OneDrive\Bureau\SAE2\git\Spin-To-Win\ALGO\spintowin\src\test\resources
2024-06-20 10:44:33,190 [Worker-37: Building] WARN  o.a.m.s.f.DefaultMavenResourcesFiltering - Using platform encoding (UTF-8 actually) to copy filtered resources, i.e. build is platform dependent!
2024-06-20 10:44:33,192 [Worker-37: Building] INFO  o.a.m.s.f.DefaultMavenResourcesFiltering - skip non existing resourceDirectory C:\Users\lefeb\OneDrive\Bureau\SAE2\git\Spin-To-Win\ALGO\spintowin\src\main\resources
2024-06-20 10:44:33,196 [Worker-37: Building] WARN  o.a.m.s.f.DefaultMavenResourcesFiltering - Using platform encoding (UTF-8 actually) to copy filtered resources, i.e. build is platform dependent!
2024-06-20 10:44:33,198 [Worker-37: Building] INFO  o.a.m.s.f.DefaultMavenResourcesFiltering - skip non existing resourceDirectory C:\Users\lefeb\OneDrive\Bureau\SAE2\git\Spin-To-Win\ALGO\spintowin\src\test\resources
2024-06-20 14:50:38,632 [Worker-1: Loading available Gradle versions] INFO  o.e.b.c.i.u.g.PublishedGradleVersions - Gradle version information cache is out-of-date. Trying to update.
2024-06-20 15:00:09,217 [Worker-28: Building] WARN  o.a.m.s.f.DefaultMavenResourcesFiltering - Using platform encoding (UTF-8 actually) to copy filtered resources, i.e. build is platform dependent!
2024-06-20 15:00:09,220 [Worker-28: Building] INFO  o.a.m.s.f.DefaultMavenResourcesFiltering - skip non existing resourceDirectory C:\Users\lefeb\OneDrive\Bureau\SAE2\git\Spin-To-Win\ALGO\spintowin\src\main\resources
2024-06-20 15:00:09,226 [Worker-28: Building] WARN  o.a.m.s.f.DefaultMavenResourcesFiltering - Using platform encoding (UTF-8 actually) to copy filtered resources, i.e. build is platform dependent!
2024-06-20 15:00:09,228 [Worker-28: Building] INFO  o.a.m.s.f.DefaultMavenResourcesFiltering - skip non existing resourceDirectory C:\Users\lefeb\OneDrive\Bureau\SAE2\git\Spin-To-Win\ALGO\spintowin\src\test\resources
2024-06-20 23:39:41,402 [Worker-36: Building] WARN  o.a.m.s.f.DefaultMavenResourcesFiltering - Using platform encoding (UTF-8 actually) to copy filtered resources, i.e. build is platform dependent!
2024-06-20 23:39:41,405 [Worker-36: Building] INFO  o.a.m.s.f.DefaultMavenResourcesFiltering - skip non existing resourceDirectory C:\Users\lefeb\OneDrive\Bureau\SAE2\git\Spin-To-Win\ALGO\spintowin\src\main\resources
2024-06-20 23:39:41,413 [Worker-36: Building] WARN  o.a.m.s.f.DefaultMavenResourcesFiltering - Using platform encoding (UTF-8 actually) to copy filtered resources, i.e. build is platform dependent!
2024-06-20 23:39:41,415 [Worker-36: Building] INFO  o.a.m.s.f.DefaultMavenResourcesFiltering - skip non existing resourceDirectory C:\Users\lefeb\OneDrive\Bureau\SAE2\git\Spin-To-Win\ALGO\spintowin\src\test\resources
2024-06-20 23:41:44,532 [Worker-38: Building] WARN  o.a.m.s.f.DefaultMavenResourcesFiltering - Using platform encoding (UTF-8 actually) to copy filtered resources, i.e. build is platform dependent!
2024-06-20 23:41:44,535 [Worker-38: Building] INFO  o.a.m.s.f.DefaultMavenResourcesFiltering - skip non existing resourceDirectory C:\Users\lefeb\OneDrive\Bureau\SAE2\git\Spin-To-Win\ALGO\spintowin\src\main\resources
2024-06-20 23:41:44,540 [Worker-38: Building] WARN  o.a.m.s.f.DefaultMavenResourcesFiltering - Using platform encoding (UTF-8 actually) to copy filtered resources, i.e. build is platform dependent!
2024-06-20 23:41:44,542 [Worker-38: Building] INFO  o.a.m.s.f.DefaultMavenResourcesFiltering - skip non existing resourceDirectory C:\Users\lefeb\OneDrive\Bureau\SAE2\git\Spin-To-Win\ALGO\spintowin\src\test\resources
2024-06-20 23:42:19,019 [Worker-36: Building] WARN  o.a.m.s.f.DefaultMavenResourcesFiltering - Using platform encoding (UTF-8 actually) to copy filtered resources, i.e. build is platform dependent!
2024-06-20 23:42:19,021 [Worker-36: Building] INFO  o.a.m.s.f.DefaultMavenResourcesFiltering - skip non existing resourceDirectory C:\Users\lefeb\OneDrive\Bureau\SAE2\git\Spin-To-Win\ALGO\spintowin\src\main\resources
2024-06-20 23:42:19,025 [Worker-36: Building] WARN  o.a.m.s.f.DefaultMavenResourcesFiltering - Using platform encoding (UTF-8 actually) to copy filtered resources, i.e. build is platform dependent!
2024-06-20 23:42:19,028 [Worker-36: Building] INFO  o.a.m.s.f.DefaultMavenResourcesFiltering - skip non existing resourceDirectory C:\Users\lefeb\OneDrive\Bureau\SAE2\git\Spin-To-Win\ALGO\spintowin\src\test\resources
2024-06-21 00:25:03,105 [Worker-38: Building] WARN  o.a.m.s.f.DefaultMavenResourcesFiltering - Using platform encoding (UTF-8 actually) to copy filtered resources, i.e. build is platform dependent!
2024-06-21 00:25:03,107 [Worker-38: Building] INFO  o.a.m.s.f.DefaultMavenResourcesFiltering - skip non existing resourceDirectory C:\Users\lefeb\OneDrive\Bureau\SAE2\git\Spin-To-Win\ALGO\spintowin\src\main\resources
2024-06-21 00:25:03,112 [Worker-38: Building] WARN  o.a.m.s.f.DefaultMavenResourcesFiltering - Using platform encoding (UTF-8 actually) to copy filtered resources, i.e. build is platform dependent!
2024-06-21 00:25:03,113 [Worker-38: Building] INFO  o.a.m.s.f.DefaultMavenResourcesFiltering - skip non existing resourceDirectory C:\Users\lefeb\OneDrive\Bureau\SAE2\git\Spin-To-Win\ALGO\spintowin\src\test\resources
2024-06-21 08:31:28,302 [Worker-4: Loading available Gradle versions] INFO  o.e.b.c.i.u.g.PublishedGradleVersions - Gradle version information cache is up-to-date. Trying to read.
2024-06-21 09:09:22,459 [Worker-22: Building] WARN  o.a.m.s.f.DefaultMavenResourcesFiltering - Using platform encoding (UTF-8 actually) to copy filtered resources, i.e. build is platform dependent!
2024-06-21 09:09:22,463 [Worker-22: Building] INFO  o.a.m.s.f.DefaultMavenResourcesFiltering - skip non existing resourceDirectory C:\Users\lefeb\OneDrive\Bureau\SAE2\git\Spin-To-Win\ALGO\spintowin\src\main\resources
2024-06-21 09:09:22,474 [Worker-22: Building] WARN  o.a.m.s.f.DefaultMavenResourcesFiltering - Using platform encoding (UTF-8 actually) to copy filtered resources, i.e. build is platform dependent!
2024-06-21 09:09:22,475 [Worker-22: Building] INFO  o.a.m.s.f.DefaultMavenResourcesFiltering - skip non existing resourceDirectory C:\Users\lefeb\OneDrive\Bureau\SAE2\git\Spin-To-Win\ALGO\spintowin\src\test\resources
2024-06-21 09:15:17,120 [Worker-33: Building] WARN  o.a.m.s.f.DefaultMavenResourcesFiltering - Using platform encoding (UTF-8 actually) to copy filtered resources, i.e. build is platform dependent!
2024-06-21 09:15:17,121 [Worker-33: Building] INFO  o.a.m.s.f.DefaultMavenResourcesFiltering - skip non existing resourceDirectory C:\Users\lefeb\OneDrive\Bureau\SAE2\git\Spin-To-Win\ALGO\spintowin\src\main\resources
2024-06-21 09:15:17,125 [Worker-33: Building] WARN  o.a.m.s.f.DefaultMavenResourcesFiltering - Using platform encoding (UTF-8 actually) to copy filtered resources, i.e. build is platform dependent!
2024-06-21 09:15:17,127 [Worker-33: Building] INFO  o.a.m.s.f.DefaultMavenResourcesFiltering - skip non existing resourceDirectory C:\Users\lefeb\OneDrive\Bureau\SAE2\git\Spin-To-Win\ALGO\spintowin\src\test\resources
2024-06-21 15:50:35,275 [Worker-39: Building] WARN  o.a.m.s.f.DefaultMavenResourcesFiltering - Using platform encoding (UTF-8 actually) to copy filtered resources, i.e. build is platform dependent!
2024-06-21 15:50:35,278 [Worker-39: Building] INFO  o.a.m.s.f.DefaultMavenResourcesFiltering - skip non existing resourceDirectory C:\Users\lefeb\OneDrive\Bureau\SAE2\git\Spin-To-Win\ALGO\spintowin\src\main\resources
2024-06-21 15:50:35,284 [Worker-39: Building] WARN  o.a.m.s.f.DefaultMavenResourcesFiltering - Using platform encoding (UTF-8 actually) to copy filtered resources, i.e. build is platform dependent!
2024-06-21 15:50:35,285 [Worker-39: Building] INFO  o.a.m.s.f.DefaultMavenResourcesFiltering - skip non existing resourceDirectory C:\Users\lefeb\OneDrive\Bureau\SAE2\git\Spin-To-Win\ALGO\spintowin\src\test\resources
2024-06-21 15:51:00,700 [Worker-40: Building] WARN  o.a.m.s.f.DefaultMavenResourcesFiltering - Using platform encoding (UTF-8 actually) to copy filtered resources, i.e. build is platform dependent!
2024-06-21 15:51:00,701 [Worker-40: Building] INFO  o.a.m.s.f.DefaultMavenResourcesFiltering - skip non existing resourceDirectory C:\Users\lefeb\OneDrive\Bureau\SAE2\git\Spin-To-Win\ALGO\spintowin\src\main\resources
2024-06-21 15:51:00,705 [Worker-40: Building] WARN  o.a.m.s.f.DefaultMavenResourcesFiltering - Using platform encoding (UTF-8 actually) to copy filtered resources, i.e. build is platform dependent!
2024-06-21 15:51:00,706 [Worker-40: Building] INFO  o.a.m.s.f.DefaultMavenResourcesFiltering - skip non existing resourceDirectory C:\Users\lefeb\OneDrive\Bureau\SAE2\git\Spin-To-Win\ALGO\spintowin\src\test\resources
2024-06-21 16:00:15,991 [Worker-35: Building] WARN  o.a.m.s.f.DefaultMavenResourcesFiltering - Using platform encoding (UTF-8 actually) to copy filtered resources, i.e. build is platform dependent!
2024-06-21 16:00:15,993 [Worker-35: Building] INFO  o.a.m.s.f.DefaultMavenResourcesFiltering - skip non existing resourceDirectory C:\Users\lefeb\OneDrive\Bureau\SAE2\git\Spin-To-Win\ALGO\spintowin\src\main\resources
2024-06-21 16:00:15,997 [Worker-35: Building] WARN  o.a.m.s.f.DefaultMavenResourcesFiltering - Using platform encoding (UTF-8 actually) to copy filtered resources, i.e. build is platform dependent!
2024-06-21 16:00:15,999 [Worker-35: Building] INFO  o.a.m.s.f.DefaultMavenResourcesFiltering - skip non existing resourceDirectory C:\Users\lefeb\OneDrive\Bureau\SAE2\git\Spin-To-Win\ALGO\spintowin\src\test\resources
2024-06-21 16:02:50,867 [Worker-41: Building] WARN  o.a.m.s.f.DefaultMavenResourcesFiltering - Using platform encoding (UTF-8 actually) to copy filtered resources, i.e. build is platform dependent!
2024-06-21 16:02:50,869 [Worker-41: Building] INFO  o.a.m.s.f.DefaultMavenResourcesFiltering - skip non existing resourceDirectory C:\Users\lefeb\OneDrive\Bureau\SAE2\git\Spin-To-Win\ALGO\spintowin\src\main\resources
2024-06-21 16:02:50,873 [Worker-41: Building] WARN  o.a.m.s.f.DefaultMavenResourcesFiltering - Using platform encoding (UTF-8 actually) to copy filtered resources, i.e. build is platform dependent!
2024-06-21 16:02:50,874 [Worker-41: Building] INFO  o.a.m.s.f.DefaultMavenResourcesFiltering - skip non existing resourceDirectory C:\Users\lefeb\OneDrive\Bureau\SAE2\git\Spin-To-Win\ALGO\spintowin\src\test\resources
2024-06-21 16:09:43,678 [Worker-41: Building] WARN  o.a.m.s.f.DefaultMavenResourcesFiltering - Using platform encoding (UTF-8 actually) to copy filtered resources, i.e. build is platform dependent!
2024-06-21 16:09:43,682 [Worker-41: Building] INFO  o.a.m.s.f.DefaultMavenResourcesFiltering - skip non existing resourceDirectory C:\Users\lefeb\OneDrive\Bureau\SAE2\git\Spin-To-Win\ALGO\spintowin\src\main\resources
2024-06-21 16:09:43,690 [Worker-41: Building] WARN  o.a.m.s.f.DefaultMavenResourcesFiltering - Using platform encoding (UTF-8 actually) to copy filtered resources, i.e. build is platform dependent!
2024-06-21 16:09:43,691 [Worker-41: Building] INFO  o.a.m.s.f.DefaultMavenResourcesFiltering - skip non existing resourceDirectory C:\Users\lefeb\OneDrive\Bureau\SAE2\git\Spin-To-Win\ALGO\spintowin\src\test\resources
2024-06-21 16:10:04,196 [Worker-36: Building] WARN  o.a.m.s.f.DefaultMavenResourcesFiltering - Using platform encoding (UTF-8 actually) to copy filtered resources, i.e. build is platform dependent!
2024-06-21 16:10:04,198 [Worker-36: Building] INFO  o.a.m.s.f.DefaultMavenResourcesFiltering - skip non existing resourceDirectory C:\Users\lefeb\OneDrive\Bureau\SAE2\git\Spin-To-Win\ALGO\spintowin\src\main\resources
2024-06-21 16:10:04,202 [Worker-36: Building] WARN  o.a.m.s.f.DefaultMavenResourcesFiltering - Using platform encoding (UTF-8 actually) to copy filtered resources, i.e. build is platform dependent!
2024-06-21 16:10:04,204 [Worker-36: Building] INFO  o.a.m.s.f.DefaultMavenResourcesFiltering - skip non existing resourceDirectory C:\Users\lefeb\OneDrive\Bureau\SAE2\git\Spin-To-Win\ALGO\spintowin\src\test\resources
2024-06-21 16:14:14,609 [Worker-35: Building] WARN  o.a.m.s.f.DefaultMavenResourcesFiltering - Using platform encoding (UTF-8 actually) to copy filtered resources, i.e. build is platform dependent!
2024-06-21 16:14:14,611 [Worker-35: Building] INFO  o.a.m.s.f.DefaultMavenResourcesFiltering - skip non existing resourceDirectory C:\Users\lefeb\OneDrive\Bureau\SAE2\git\Spin-To-Win\ALGO\spintowin\src\main\resources
2024-06-21 16:14:14,615 [Worker-35: Building] WARN  o.a.m.s.f.DefaultMavenResourcesFiltering - Using platform encoding (UTF-8 actually) to copy filtered resources, i.e. build is platform dependent!
2024-06-21 16:14:14,617 [Worker-35: Building] INFO  o.a.m.s.f.DefaultMavenResourcesFiltering - skip non existing resourceDirectory C:\Users\lefeb\OneDrive\Bureau\SAE2\git\Spin-To-Win\ALGO\spintowin\src\test\resources
